<?xml version="1.0" encoding="UTF-8"?>
<testng-results skipped="0" failed="0" ignored="0" total="1" passed="1">
  <reporter-output>
  </reporter-output>
  <suite name="Default suite" duration-ms="10561" started-at="2019-06-12T06:46:53Z" finished-at="2019-06-12T06:47:04Z">
    <groups>
    </groups>
    <test name="Default test" duration-ms="10561" started-at="2019-06-12T06:46:53Z" finished-at="2019-06-12T06:47:04Z">
      <class name="PageTeastCases.TestCase">
        <test-method status="PASS" signature="TestProcedure()[pri:0, instance:PageTeastCases.TestCase@f9d87b]" name="TestProcedure" duration-ms="10373" started-at="2019-06-12T12:16:53Z" description="login with correct credentials" finished-at="2019-06-12T12:17:03Z">
          <reporter-output>
          </reporter-output>
        </test-method> <!-- TestProcedure -->
      </class> <!-- PageTeastCases.TestCase -->
    </test> <!-- Default test -->
  </suite> <!-- Default suite -->
</testng-results>
