<?xml version="1.0" encoding="UTF-8"?>
<testng-results skipped="0" failed="0" total="1" passed="1">
  <reporter-output>
  </reporter-output>
  <suite name="Default suite" duration-ms="8889" started-at="2019-06-12T04:41:09Z" finished-at="2019-06-12T04:41:18Z">
    <groups>
    </groups>
    <test name="Default test" duration-ms="8889" started-at="2019-06-12T04:41:09Z" finished-at="2019-06-12T04:41:18Z">
      <class name="PageTeastCases.TestCase">
        <test-method status="PASS" signature="TestProcedure()[pri:0, instance:PageTeastCases.TestCase@290dbf45]" name="TestProcedure" duration-ms="8761" started-at="2019-06-12T10:11:09Z" description="login with correct credentials" finished-at="2019-06-12T10:11:18Z">
          <reporter-output>
          </reporter-output>
        </test-method> <!-- TestProcedure -->
      </class> <!-- PageTeastCases.TestCase -->
    </test> <!-- Default test -->
  </suite> <!-- Default suite -->
</testng-results>
