<?xml version="1.0" encoding="UTF-8"?>
<testng-results skipped="0" failed="0" total="1" passed="1">
  <reporter-output>
  </reporter-output>
  <suite name="Default suite" duration-ms="9088" started-at="2019-06-12T11:07:20Z" finished-at="2019-06-12T11:07:29Z">
    <groups>
    </groups>
    <test name="Default test" duration-ms="9088" started-at="2019-06-12T11:07:20Z" finished-at="2019-06-12T11:07:29Z">
      <class name="PageTeastCases.TestCase">
        <test-method status="PASS" signature="TestProcedure(java.lang.reflect.Method)[pri:0, instance:PageTeastCases.TestCase@1dd02175]" name="TestProcedure" duration-ms="8956" started-at="2019-06-12T16:37:20Z" description="login with correct credentials" finished-at="2019-06-12T16:37:29Z">
          <params>
            <param index="0">
              <value>
                <![CDATA[public void PageTeastCases.TestCase.TestProcedure(java.lang.reflect.Method) throws java.lang.Exception]]>
              </value>
            </param>
          </params>
          <reporter-output>
          </reporter-output>
        </test-method> <!-- TestProcedure -->
      </class> <!-- PageTeastCases.TestCase -->
    </test> <!-- Default test -->
  </suite> <!-- Default suite -->
</testng-results>
